c:\users\itayc\desktop\finalproject\x64\debug\vc143.pdb
c:\users\itayc\desktop\finalproject\x64\debug\vc143.idb
c:\users\itayc\desktop\finalproject\x64\debug\trip.obj
c:\users\itayc\desktop\finalproject\x64\debug\travelagencyfile.obj
c:\users\itayc\desktop\finalproject\x64\debug\travelagency.obj
c:\users\itayc\desktop\finalproject\x64\debug\travaler.obj
c:\users\itayc\desktop\finalproject\x64\debug\main.obj
c:\users\itayc\desktop\finalproject\x64\debug\list.obj
c:\users\itayc\desktop\finalproject\x64\debug\insurance.obj
c:\users\itayc\desktop\finalproject\x64\debug\general.obj
c:\users\itayc\desktop\finalproject\x64\debug\flightticket.obj
c:\users\itayc\desktop\finalproject\x64\debug\flight.obj
c:\users\itayc\desktop\finalproject\x64\debug\filehelper.obj
c:\users\itayc\desktop\finalproject\x64\debug\date.obj
c:\users\itayc\desktop\finalproject\x64\debug\country.obj
c:\users\itayc\desktop\finalproject\x64\debug\attraction.obj
c:\users\itayc\desktop\finalproject\x64\debug\finalproject.ilk
c:\users\itayc\desktop\finalproject\x64\debug\finalproject.exe
c:\users\itayc\desktop\finalproject\x64\debug\finalproject.pdb
c:\users\itayc\desktop\finalproject\x64\debug\finalproject.tlog\cl.command.1.tlog
c:\users\itayc\desktop\finalproject\x64\debug\finalproject.tlog\cl.items.tlog
c:\users\itayc\desktop\finalproject\x64\debug\finalproject.tlog\cl.read.1.tlog
c:\users\itayc\desktop\finalproject\x64\debug\finalproject.tlog\cl.write.1.tlog
c:\users\itayc\desktop\finalproject\x64\debug\finalproject.tlog\link.command.1.tlog
c:\users\itayc\desktop\finalproject\x64\debug\finalproject.tlog\link.read.1.tlog
c:\users\itayc\desktop\finalproject\x64\debug\finalproject.tlog\link.write.1.tlog
